[23:39:47.294][info] [#0:/Users/nero/.config/coc/extensions/coc-sumneko-lua-data/sumneko-lua-ls/extension/server/main.lua:65]: Lua Lsp startup, root: 	/Users/nero/.config/coc/extensions/coc-sumneko-lua-data/sumneko-lua-ls/extension/server
[23:39:47.295][info] [#0:/Users/nero/.config/coc/extensions/coc-sumneko-lua-data/sumneko-lua-ls/extension/server/main.lua:66]: ROOT:	/Users/nero/.config/coc/extensions/coc-sumneko-lua-data/sumneko-lua-ls/extension/server
[23:39:47.295][info] [#0:/Users/nero/.config/coc/extensions/coc-sumneko-lua-data/sumneko-lua-ls/extension/server/main.lua:67]: LOGPATH:	/Users/nero/.config/coc/extensions/coc-sumneko-lua-data/sumneko-lua-ls/extension/server/log
[23:39:47.295][info] [#0:/Users/nero/.config/coc/extensions/coc-sumneko-lua-data/sumneko-lua-ls/extension/server/main.lua:68]: METAPATH:	/Users/nero/.config/coc/extensions/coc-sumneko-lua-data/sumneko-lua-ls/extension/server/meta
[23:39:47.295][info] [#0:/Users/nero/.config/coc/extensions/coc-sumneko-lua-data/sumneko-lua-ls/extension/server/main.lua:69]: VERSION:	3.2.4
[23:39:47.335][info] [#0:script/service/service.lua:141]: 
========= Medical Examination Report =========
    --------------- Memory ---------------
        Total: 1.492 MB
        # 00 : 1.492 MB
        # 01 : 0.000 MB
        # 02 : 0.000 MB
        # 03 : 0.000 MB
        # 04 : 0.000 MB
    --------------- Coroutine ---------------
        Total:     0
        Running:   0
        Suspended: 0
        Normal:    0
        Dead:      0
    --------------- Cache ---------------
        Total: 1
        Dead:  0
    ---------------  RPC  ---------------
        Holdon:   0
        Waiting:  0
==============================================
[23:39:47.445][info] [#0:script/language.lua:137]: VSC language: en-us
[23:39:47.445][info] [#0:script/language.lua:138]: LS  language: en-us
[23:39:47.445][info] [#0:script/workspace/workspace.lua:39]: Workspace init root: 	file:///Users/nero/.config/nvim
[23:39:47.445][info] [#0:script/workspace/workspace.lua:43]: Log path: 	/Users/nero/.config/coc/extensions/coc-sumneko-lua-data/sumneko-lua-ls/extension/server/log/file_Users_nero_.config_nvim.log
[23:39:47.446][info] [#0:script/workspace/workspace.lua:49]: Workspace create: 	file:///Users/nero/.config/nvim
[23:39:47.660][info] [#0:script/provider/provider.lua:40]: Load config from client	file:///Users/nero/.config/nvim
[23:39:47.765][info] [#0:script/provider/provider.lua:55]: Load config from client	fallback
[23:39:47.871][info] [#0:script/library.lua:207]: Init builtin library at:	nil
[23:39:47.887][info] [#0:script/library.lua:207]: Init builtin library at:	file:///Users/nero/.config/nvim
[23:39:47.899][info] [#0:script/plugin.lua:80]: plugin path:	nil
[23:39:47.899][info] [#0:script/plugin.lua:80]: plugin path:	nil
[23:39:47.899][info] [#0:script/provider/completion.lua:43]: Enable completion.
[23:39:47.899][info] [#0:script/workspace/workspace.lua:285]: Preload start:	file:///Users/nero/.config/nvim
[23:39:47.900][info] [#0:script/workspace/workspace.lua:291]: Scan files at:	file:///Users/nero/.config/nvim
[23:39:47.900][info] [#0:script/workspace/workspace.lua:285]: Preload start:	<fallback>
[23:39:47.901][info] [#0:script/workspace/workspace.lua:307]: Scan library at:	file:///Users/nero/.config/coc/extensions/coc-sumneko-lua-data/sumneko-lua-ls/extension/server/meta/Lua%205.4%20en-us%20utf8
[23:39:47.910][info] [#0:script/workspace/workspace.lua:307]: Scan library at:	file:///Users/nero/.config/coc/extensions/coc-sumneko-lua-data/sumneko-lua-ls/extension/server/meta/Lua%205.4%20en-us%20utf8
[23:39:49.372][info] [#0:script/workspace/workspace.lua:327]: Found 11 files at:	<fallback>
[23:39:49.372][info] [#0:script/workspace/loading.lua:152]: Load files from disk:	<fallback>
[23:39:49.372][info] [#0:script/workspace/workspace.lua:327]: Found 60 files at:	file:///Users/nero/.config/nvim
[23:39:49.372][info] [#0:script/workspace/loading.lua:152]: Load files from disk:	file:///Users/nero/.config/nvim
[23:39:49.421][info] [#0:script/workspace/loading.lua:164]: Loaded files takes [0.051] sec: <fallback>
[23:39:49.421][info] [#0:script/workspace/loading.lua:173]: Compile files takes [0.000] sec: <fallback>
[23:39:49.421][info] [#0:script/workspace/loading.lua:174]: Loaded finish:	<fallback>
[23:39:49.421][info] [#0:script/workspace/workspace.lua:329]: Preload finish at:	<fallback>
[23:39:49.489][info] [#0:script/workspace/loading.lua:164]: Loaded files takes [0.122] sec: file:///Users/nero/.config/nvim
[23:39:49.490][info] [#0:script/workspace/loading.lua:173]: Compile files takes [0.000] sec: file:///Users/nero/.config/nvim
[23:39:49.490][info] [#0:script/workspace/loading.lua:174]: Loaded finish:	file:///Users/nero/.config/nvim
[23:39:49.490][info] [#0:script/workspace/workspace.lua:329]: Preload finish at:	file:///Users/nero/.config/nvim
[23:39:49.490][info] [#0:script/provider/diagnostic.lua:393]: Diagnostics scope [file:///Users/nero/.config/nvim], files count:[60]
[23:39:49.518][info] [#0:script/provider/diagnostic.lua:410]: Diagnostics scope [file:///Users/nero/.config/nvim] finished, takes [0.028] sec.
[23:39:51.381][info] [#0:script/provider/diagnostic.lua:393]: Diagnostics scope [<fallback>], files count:[60]
[23:39:51.421][info] [#0:script/provider/diagnostic.lua:410]: Diagnostics scope [<fallback>] finished, takes [0.040] sec.
