[23:39:47.294][info] [#0:/Users/nero/.config/coc/extensions/coc-sumneko-lua-data/sumneko-lua-ls/extension/server/main.lua:65]: Lua Lsp startup, root: 	/Users/nero/.config/coc/extensions/coc-sumneko-lua-data/sumneko-lua-ls/extension/server
[23:39:47.295][info] [#0:/Users/nero/.config/coc/extensions/coc-sumneko-lua-data/sumneko-lua-ls/extension/server/main.lua:66]: ROOT:	/Users/nero/.config/coc/extensions/coc-sumneko-lua-data/sumneko-lua-ls/extension/server
[23:39:47.295][info] [#0:/Users/nero/.config/coc/extensions/coc-sumneko-lua-data/sumneko-lua-ls/extension/server/main.lua:67]: LOGPATH:	/Users/nero/.config/coc/extensions/coc-sumneko-lua-data/sumneko-lua-ls/extension/server/log
[23:39:47.295][info] [#0:/Users/nero/.config/coc/extensions/coc-sumneko-lua-data/sumneko-lua-ls/extension/server/main.lua:68]: METAPATH:	/Users/nero/.config/coc/extensions/coc-sumneko-lua-data/sumneko-lua-ls/extension/server/meta
[23:39:47.295][info] [#0:/Users/nero/.config/coc/extensions/coc-sumneko-lua-data/sumneko-lua-ls/extension/server/main.lua:69]: VERSION:	3.2.4
[23:39:47.335][info] [#0:script/service/service.lua:141]: 
========= Medical Examination Report =========
    --------------- Memory ---------------
        Total: 1.492 MB
        # 00 : 1.492 MB
        # 01 : 0.000 MB
        # 02 : 0.000 MB
        # 03 : 0.000 MB
        # 04 : 0.000 MB
    --------------- Coroutine ---------------
        Total:     0
        Running:   0
        Suspended: 0
        Normal:    0
        Dead:      0
    --------------- Cache ---------------
        Total: 1
        Dead:  0
    ---------------  RPC  ---------------
        Holdon:   0
        Waiting:  0
==============================================
[23:39:47.445][info] [#0:script/language.lua:137]: VSC language: en-us
[23:39:47.445][info] [#0:script/language.lua:138]: LS  language: en-us
[23:39:47.445][info] [#0:script/workspace/workspace.lua:39]: Workspace init root: 	file:///Users/nero/.config/nvim
[23:39:47.445][info] [#0:script/workspace/workspace.lua:43]: Log path: 	/Users/nero/.config/coc/extensions/coc-sumneko-lua-data/sumneko-lua-ls/extension/server/log/file_Users_nero_.config_nvim.log
